0 info it worked if it ends with ok
1 verbose cli [ '/Users/MASTER/.nvm/versions/node/v6.3.1/bin/node',
1 verbose cli   '/Users/MASTER/.nvm/versions/node/v6.3.1/bin/npm',
1 verbose cli   'run',
1 verbose cli   'serve' ]
2 info using npm@3.10.3
3 info using node@v6.3.1
4 verbose run-script [ 'preserve', 'serve', 'postserve' ]
5 info lifecycle menu-builder@1.0.0~preserve: menu-builder@1.0.0
6 silly lifecycle menu-builder@1.0.0~preserve: no script for preserve, continuing
7 info lifecycle menu-builder@1.0.0~serve: menu-builder@1.0.0
8 verbose lifecycle menu-builder@1.0.0~serve: unsafe-perm in lifecycle true
9 verbose lifecycle menu-builder@1.0.0~serve: PATH: /Users/MASTER/.nvm/versions/node/v6.3.1/lib/node_modules/npm/bin/node-gyp-bin:/Users/MASTER/code/menu-builder/node_modules/.bin:/Users/MASTER/.nvm/versions/node/v6.3.1/bin:/Users/MASTER/.nvm/versions/node/v6.3.1/bin:/Users/MASTER/.node/bin:/Users/MASTER/local/node/bin:/Users/MASTER/.rbenv/shims:/Users/MASTER/.rvm/gems/ruby-2.2.1/bin:/Users/MASTER/.rvm/gems/ruby-2.2.1@global/bin:/Users/MASTER/.rvm/rubies/ruby-2.2.1/bin:/Library/Frameworks/Python.framework/Versions/2.7/bin:/Library/Frameworks/Python.framework/Versions/3.4/bin:/Library/Frameworks/Python.framework/Versions/3.4/bin:/opt/local/bin:/opt/local/sbin:/System/Library/Frameworks/Python.framework/Versions/2.7/bin:/usr/local/Cellar/sonar-runner/2.4/libexec/bin:/usr/local/bin:/usr/local/bin:/usr/bin:/bin:/usr/sbin:/sbin:/usr/local/git/bin:/usr/local/go/bin:/Users/MASTER/.rvm/bin:/usr/local/mysql/bin:/usr/local/postgre/bin
10 verbose lifecycle menu-builder@1.0.0~serve: CWD: /Users/MASTER/code/menu-builder
11 silly lifecycle menu-builder@1.0.0~serve: Args: [ '-c',
11 silly lifecycle   'webpack-dev-server --port 3000 --inline --hot --content-base public/ --history-api-fallback' ]
12 silly lifecycle menu-builder@1.0.0~serve: Returned: code: 1  signal: null
13 info lifecycle menu-builder@1.0.0~serve: Failed to exec serve script
14 verbose stack Error: menu-builder@1.0.0 serve: `webpack-dev-server --port 3000 --inline --hot --content-base public/ --history-api-fallback`
14 verbose stack Exit status 1
14 verbose stack     at EventEmitter.<anonymous> (/Users/MASTER/.nvm/versions/node/v6.3.1/lib/node_modules/npm/lib/utils/lifecycle.js:242:16)
14 verbose stack     at emitTwo (events.js:106:13)
14 verbose stack     at EventEmitter.emit (events.js:191:7)
14 verbose stack     at ChildProcess.<anonymous> (/Users/MASTER/.nvm/versions/node/v6.3.1/lib/node_modules/npm/lib/utils/spawn.js:40:14)
14 verbose stack     at emitTwo (events.js:106:13)
14 verbose stack     at ChildProcess.emit (events.js:191:7)
14 verbose stack     at maybeClose (internal/child_process.js:852:16)
14 verbose stack     at Process.ChildProcess._handle.onexit (internal/child_process.js:215:5)
15 verbose pkgid menu-builder@1.0.0
16 verbose cwd /Users/MASTER/code/menu-builder
17 error Darwin 15.6.0
18 error argv "/Users/MASTER/.nvm/versions/node/v6.3.1/bin/node" "/Users/MASTER/.nvm/versions/node/v6.3.1/bin/npm" "run" "serve"
19 error node v6.3.1
20 error npm  v3.10.3
21 error code ELIFECYCLE
22 error menu-builder@1.0.0 serve: `webpack-dev-server --port 3000 --inline --hot --content-base public/ --history-api-fallback`
22 error Exit status 1
23 error Failed at the menu-builder@1.0.0 serve script 'webpack-dev-server --port 3000 --inline --hot --content-base public/ --history-api-fallback'.
23 error Make sure you have the latest version of node.js and npm installed.
23 error If you do, this is most likely a problem with the menu-builder package,
23 error not with npm itself.
23 error Tell the author that this fails on your system:
23 error     webpack-dev-server --port 3000 --inline --hot --content-base public/ --history-api-fallback
23 error You can get information on how to open an issue for this project with:
23 error     npm bugs menu-builder
23 error Or if that isn't available, you can get their info via:
23 error     npm owner ls menu-builder
23 error There is likely additional logging output above.
24 verbose exit [ 1, true ]
